Apr-23 10:15:14.361 [main] DEBUG nextflow.cli.Launcher - $> nextflow run nextflow2.sh
Apr-23 10:15:14.541 [main] INFO  nextflow.cli.CmdRun - N E X T F L O W  ~  version 23.10.1
Apr-23 10:15:14.596 [main] DEBUG nextflow.plugin.PluginsFacade - Setting up plugin manager > mode=prod; embedded=false; plugins-dir=/Users/asmakhimani/.nextflow/plugins; core-plugins: nf-amazon@2.1.4,nf-azure@1.3.3,nf-cloudcache@0.3.0,nf-codecommit@0.1.5,nf-console@1.0.6,nf-ga4gh@1.1.0,nf-google@1.8.3,nf-tower@1.6.3,nf-wave@1.0.1
Apr-23 10:15:14.616 [main] INFO  o.pf4j.DefaultPluginStatusProvider - Enabled plugins: []
Apr-23 10:15:14.618 [main] INFO  o.pf4j.DefaultPluginStatusProvider - Disabled plugins: []
Apr-23 10:15:14.623 [main] INFO  org.pf4j.DefaultPluginManager - PF4J version 3.4.1 in 'deployment' mode
Apr-23 10:15:14.640 [main] INFO  org.pf4j.AbstractPluginManager - No plugins
Apr-23 10:15:14.773 [main] DEBUG nextflow.cli.CmdRun - Applied DSL=2 by global default
Apr-23 10:15:14.816 [main] INFO  nextflow.cli.CmdRun - Launching `nextflow2.sh` [elegant_austin] DSL2 - revision: 293074a6c8
Apr-23 10:15:14.817 [main] DEBUG nextflow.plugin.PluginsFacade - Plugins default=[]
Apr-23 10:15:14.817 [main] DEBUG nextflow.plugin.PluginsFacade - Plugins resolved requirement=[]
Apr-23 10:15:14.833 [main] DEBUG n.secret.LocalSecretsProvider - Secrets store: /Users/asmakhimani/.nextflow/secrets/store.json
Apr-23 10:15:14.847 [main] DEBUG nextflow.secret.SecretsLoader - Discovered secrets providers: [nextflow.secret.LocalSecretsProvider@f9b5552] - activable => nextflow.secret.LocalSecretsProvider@f9b5552
Apr-23 10:15:14.971 [main] DEBUG nextflow.Session - Session UUID: 784b5c83-3990-4be8-89e2-3b2b40b692d6
Apr-23 10:15:14.971 [main] DEBUG nextflow.Session - Run name: elegant_austin
Apr-23 10:15:14.974 [main] DEBUG nextflow.Session - Executor pool size: 4
Apr-23 10:15:14.987 [main] DEBUG nextflow.file.FilePorter - File porter settings maxRetries=3; maxTransfers=50; pollTimeout=null
Apr-23 10:15:15.191 [main] DEBUG nextflow.cli.CmdRun - 
  Version: 23.10.1 build 5891
  Created: 12-01-2024 22:01 UTC (17:01 EDT)
  System: Mac OS X 12.2.1
  Runtime: Groovy 3.0.19 on OpenJDK 64-Bit Server VM 21+35
  Encoding: UTF-8 (UTF-8)
  Process: 3928@Asmas-MacBook-Air.local [127.0.0.1]
  CPUs: 4 - Mem: 8 GB (114.6 MB) - Swap: 1 GB (860.8 MB) - Virtual threads ON
Apr-23 10:15:15.226 [main] DEBUG nextflow.Session - Work-dir: /Users/asmakhimani/nextflow2/work [Mac OS X]
Apr-23 10:15:15.226 [main] DEBUG nextflow.Session - Script base path does not exist or is not a directory: /Users/asmakhimani/nextflow2/bin
Apr-23 10:15:15.250 [main] DEBUG nextflow.executor.ExecutorFactory - Extension executors providers=[]
Apr-23 10:15:15.293 [main] DEBUG nextflow.Session - Observer factory: DefaultObserverFactory
Apr-23 10:15:15.350 [main] DEBUG nextflow.cache.CacheFactory - Using Nextflow cache factory: nextflow.cache.DefaultCacheFactory
Apr-23 10:15:15.368 [main] DEBUG nextflow.util.CustomPoolFactory - Creating virtual thread pool
Apr-23 10:15:15.500 [main] DEBUG nextflow.Session - Session start
Apr-23 10:15:16.579 [main] DEBUG nextflow.script.ScriptRunner - > Launching execution
Apr-23 10:15:16.809 [main] DEBUG nextflow.executor.ExecutorFactory - << taskConfig executor: null
Apr-23 10:15:16.810 [main] DEBUG nextflow.executor.ExecutorFactory - >> processorType: 'local'
Apr-23 10:15:16.821 [main] DEBUG nextflow.executor.Executor - [warm up] executor > local
Apr-23 10:15:16.838 [main] DEBUG n.processor.LocalPollingMonitor - Creating local task monitor for executor 'local' > cpus=4; memory=8 GB; capacity=4; pollInterval=100ms; dumpInterval=5m
Apr-23 10:15:16.845 [main] DEBUG n.processor.TaskPollingMonitor - >>> barrier register (monitor: local)
Apr-23 10:15:17.037 [main] DEBUG nextflow.executor.ExecutorFactory - << taskConfig executor: null
Apr-23 10:15:17.037 [main] DEBUG nextflow.executor.ExecutorFactory - >> processorType: 'local'
Apr-23 10:15:17.045 [main] DEBUG nextflow.executor.ExecutorFactory - << taskConfig executor: null
Apr-23 10:15:17.045 [main] DEBUG nextflow.executor.ExecutorFactory - >> processorType: 'local'
Apr-23 10:15:17.050 [main] DEBUG nextflow.Session - Workflow process names [dsl2]: mlst_g, skesa_ga, quast_q
Apr-23 10:15:17.051 [main] DEBUG nextflow.Session - Igniting dataflow network (5)
Apr-23 10:15:17.063 [main] DEBUG nextflow.processor.TaskProcessor - Starting process > skesa_ga
Apr-23 10:15:17.066 [main] DEBUG nextflow.processor.TaskProcessor - Starting process > quast_q
Apr-23 10:15:17.067 [main] DEBUG nextflow.processor.TaskProcessor - Starting process > mlst_g
Apr-23 10:15:17.068 [main] DEBUG nextflow.script.ScriptRunner - Parsed script files:
  Script_a3491fa3c490950c: /Users/asmakhimani/nextflow2/nextflow2.sh
Apr-23 10:15:17.069 [main] DEBUG nextflow.script.ScriptRunner - > Awaiting termination 
Apr-23 10:15:17.069 [main] DEBUG nextflow.Session - Session await
Apr-23 10:15:17.426 [Task submitter] DEBUG n.executor.local.LocalTaskHandler - Launch cmd line: /bin/bash -ue .command.run
Apr-23 10:15:17.429 [Task submitter] INFO  nextflow.Session - [0b/7c1d74] Submitted process > skesa_ga (1)
Apr-23 10:15:20.580 [Task monitor] DEBUG n.processor.TaskPollingMonitor - Task completed > TaskHandler[id: 1; name: skesa_ga (1); status: COMPLETED; exit: 0; error: -; workDir: /Users/asmakhimani/nextflow2/work/0b/7c1d746e66f202904f1aecbc02f1d0]
Apr-23 10:15:20.628 [Task submitter] DEBUG n.executor.local.LocalTaskHandler - Launch cmd line: /bin/bash -ue .command.run
Apr-23 10:15:20.629 [Task submitter] INFO  nextflow.Session - [db/0a2458] Submitted process > mlst_g (1)
Apr-23 10:15:20.645 [Task submitter] DEBUG n.executor.local.LocalTaskHandler - Launch cmd line: /bin/bash -ue .command.run
Apr-23 10:15:20.646 [Task submitter] INFO  nextflow.Session - [5f/3b18be] Submitted process > quast_q (1)
Apr-23 10:15:21.331 [Task monitor] DEBUG n.processor.TaskPollingMonitor - Task completed > TaskHandler[id: 2; name: mlst_g (1); status: COMPLETED; exit: 0; error: -; workDir: /Users/asmakhimani/nextflow2/work/db/0a2458715220708a067b0c0353b5b3]
Apr-23 10:15:22.261 [Task monitor] DEBUG n.processor.TaskPollingMonitor - Task completed > TaskHandler[id: 3; name: quast_q (1); status: COMPLETED; exit: 4; error: -; workDir: /Users/asmakhimani/nextflow2/work/5f/3b18bed016b162c762f08b27fe0018]
Apr-23 10:15:22.271 [Task monitor] DEBUG nextflow.processor.TaskProcessor - Handling unexpected condition for
  task: name=quast_q (1); work-dir=/Users/asmakhimani/nextflow2/work/5f/3b18bed016b162c762f08b27fe0018
  error [nextflow.exception.ProcessFailedException]: Process `quast_q (1)` terminated with an error exit status (4)
Apr-23 10:15:22.306 [Task monitor] ERROR nextflow.processor.TaskProcessor - Error executing process > 'quast_q (1)'

Caused by:
  Process `quast_q (1)` terminated with an error exit status (4)

Command executed:

  quast assembly.fasta -o quast_report

Command exit status:
  4

Command output:
  /Users/asmakhimani/mambaforge/envs/nf2/bin/quast assembly.fasta -o quast_report
  
  Version: 5.0.0, ae5cc4d54
  
  System information:
    OS: Darwin-21.3.0-x86_64-i386-64bit (macosx)
    Python version: 2.7.15
    CPUs number: 4
  
  Started: 2024-04-23 10:15:21
  
  Logging to quast_report/quast.log
  NOTICE: Maximum number of threads is set to 1 (use --threads option to set it manually)
  
  CWD: /Users/asmakhimani/nextflow2/work/5f/3b18bed016b162c762f08b27fe0018
  Main parameters: 
    MODE: default, threads: 1, minimum contig length: 500, minimum alignment length: 65, \
    ambiguity: one, threshold for extensive misassembly size: 1000
  
  Contigs:
    Pre-processing...
  WARNING: Skipping assembly because it doesn't contain contigs >= 500 bp.
  
  
  ERROR! None of the assembly files contains correct contigs. Please, provide different files or decrease --min-contig threshold.

Command error:
  /Users/asmakhimani/mambaforge/envs/nf2/bin/quast assembly.fasta -o quast_report
  
  Version: 5.0.0, ae5cc4d54
  
  System information:
    OS: Darwin-21.3.0-x86_64-i386-64bit (macosx)
    Python version: 2.7.15
    CPUs number: 4
  
  Started: 2024-04-23 10:15:21
  
  Logging to quast_report/quast.log
  NOTICE: Maximum number of threads is set to 1 (use --threads option to set it manually)
  
  CWD: /Users/asmakhimani/nextflow2/work/5f/3b18bed016b162c762f08b27fe0018
  Main parameters: 
    MODE: default, threads: 1, minimum contig length: 500, minimum alignment length: 65, \
    ambiguity: one, threshold for extensive misassembly size: 1000
  
  Contigs:
    Pre-processing...
  WARNING: Skipping assembly because it doesn't contain contigs >= 500 bp.
  
  
  ERROR! None of the assembly files contains correct contigs. Please, provide different files or decrease --min-contig threshold.

Work dir:
  /Users/asmakhimani/nextflow2/work/5f/3b18bed016b162c762f08b27fe0018

Tip: you can try to figure out what's wrong by changing to the process work dir and showing the script file named `.command.sh`
Apr-23 10:15:22.314 [main] DEBUG nextflow.Session - Session await > all processes finished
Apr-23 10:15:22.319 [Task monitor] DEBUG nextflow.Session - Session aborted -- Cause: Process `quast_q (1)` terminated with an error exit status (4)
Apr-23 10:15:22.380 [Task monitor] DEBUG n.processor.TaskPollingMonitor - <<< barrier arrives (monitor: local) - terminating tasks monitor poll loop
Apr-23 10:15:22.383 [main] DEBUG nextflow.Session - Session await > all barriers passed
Apr-23 10:15:22.402 [main] DEBUG n.trace.WorkflowStatsObserver - Workflow completed > WorkflowStats[succeededCount=2; failedCount=1; ignoredCount=0; cachedCount=0; pendingCount=0; submittedCount=0; runningCount=0; retriesCount=0; abortedCount=0; succeedDuration=3.8s; failedDuration=1.6s; cachedDuration=0ms;loadCpus=0; loadMemory=0; peakRunning=2; peakCpus=2; peakMemory=0; ]
Apr-23 10:15:22.593 [main] DEBUG nextflow.cache.CacheDB - Closing CacheDB done
Apr-23 10:15:22.629 [main] DEBUG nextflow.script.ScriptRunner - > Execution complete -- Goodbye
