/Users/asmakhimani/mambaforge/envs/nf2/bin/quast assembly.fasta -o quast_report

Version: 5.0.0, ae5cc4d54

System information:
  OS: Darwin-21.3.0-x86_64-i386-64bit (macosx)
  Python version: 2.7.15
  CPUs number: 4

Started: 2024-04-23 11:42:22

Logging to /Users/asmakhimani/nextflow2/work/5c/4d7cc5d67fb3ed78379da1fe585392/quast_report/quast.log
NOTICE: Maximum number of threads is set to 1 (use --threads option to set it manually)

CWD: /Users/asmakhimani/nextflow2/work/5c/4d7cc5d67fb3ed78379da1fe585392
Main parameters: 
  MODE: default, threads: 1, minimum contig length: 500, minimum alignment length: 65, \
  ambiguity: one, threshold for extensive misassembly size: 1000

Contigs:
  Pre-processing...
  assembly.fasta ==> assembly

2024-04-23 11:42:24
Running Basic statistics processor...
  Contig files: 
    assembly
  Calculating N50 and L50...
    assembly, N50 = 95538, L50 = 10, Total length = 2853046, GC % = 32.65, # N's per 100 kbp =  0.00
  Drawing Nx plot...
    saved to /Users/asmakhimani/nextflow2/work/5c/4d7cc5d67fb3ed78379da1fe585392/quast_report/basic_stats/Nx_plot.pdf
  Drawing cumulative plot...
    saved to /Users/asmakhimani/nextflow2/work/5c/4d7cc5d67fb3ed78379da1fe585392/quast_report/basic_stats/cumulative_plot.pdf
  Drawing GC content plot...
    saved to /Users/asmakhimani/nextflow2/work/5c/4d7cc5d67fb3ed78379da1fe585392/quast_report/basic_stats/GC_content_plot.pdf
  Drawing assembly GC content plot...
    saved to /Users/asmakhimani/nextflow2/work/5c/4d7cc5d67fb3ed78379da1fe585392/quast_report/basic_stats/assembly_GC_content_plot.pdf
Done.

NOTICE: Genes are not predicted by default. Use --gene-finding or --glimmer option to enable it.

2024-04-23 11:42:25
Creating large visual summaries...
This may take a while: press Ctrl-C to skip this step..
  1 of 2: Creating Icarus viewers...
  2 of 2: Creating PDF with all tables and plots...
Done

2024-04-23 11:42:26
RESULTS:
  Text versions of total report are saved to /Users/asmakhimani/nextflow2/work/5c/4d7cc5d67fb3ed78379da1fe585392/quast_report/report.txt, report.tsv, and report.tex
  Text versions of transposed total report are saved to /Users/asmakhimani/nextflow2/work/5c/4d7cc5d67fb3ed78379da1fe585392/quast_report/transposed_report.txt, transposed_report.tsv, and transposed_report.tex
  HTML version (interactive tables and plots) is saved to /Users/asmakhimani/nextflow2/work/5c/4d7cc5d67fb3ed78379da1fe585392/quast_report/report.html
  PDF version (tables and plots) is saved to /Users/asmakhimani/nextflow2/work/5c/4d7cc5d67fb3ed78379da1fe585392/quast_report/report.pdf
  Icarus (contig browser) is saved to /Users/asmakhimani/nextflow2/work/5c/4d7cc5d67fb3ed78379da1fe585392/quast_report/icarus.html
  Log is saved to /Users/asmakhimani/nextflow2/work/5c/4d7cc5d67fb3ed78379da1fe585392/quast_report/quast.log

Finished: 2024-04-23 11:42:26
Elapsed time: 0:00:03.401455
NOTICEs: 2; WARNINGs: 0; non-fatal ERRORs: 0

Thank you for using QUAST!
